INFO:root:Set manual control bit to '1' for {pwm2}
INFO:root:Set manual control bit to '1' for {pwm3}
DEBUG:liquidctl.driver.smbus:searching LinuxI2c (Ddr4Temperature, VengeanceRgb, EvgaPascal, RogTuring)
DEBUG:liquidctl.driver.smbus:found I²C bus i2c-3
DEBUG:liquidctl.driver.smbus:found I²C bus i2c-1
DEBUG:liquidctl.driver.smbus:found I²C bus i2c-8
DEBUG:liquidctl.driver.smbus:found I²C bus i2c-6
DEBUG:liquidctl.driver.smbus:found I²C bus i2c-4
DEBUG:liquidctl.driver.smbus:found I²C bus i2c-2
DEBUG:liquidctl.driver.smbus:found I²C bus i2c-0
DEBUG:liquidctl.driver.smbus:found I²C bus i2c-9
DEBUG:liquidctl.driver.smbus:found I²C bus i2c-7
DEBUG:liquidctl.driver.smbus:found I²C bus i2c-5
DEBUG:liquidctl.driver.usb:searching HidapiBus (CommanderPro, CorsairHidPsu, HydroPlatinum, Kraken2, KrakenX3, KrakenZ3, NzxtEPsu, RgbFusion2, SmartDevice, SmartDevice2, _CommonSmartDeviceDriver)
DEBUG:liquidctl.driver.usb:found HID device 0d8c:0005
DEBUG:liquidctl.driver.usb:found HID device 1e71:2007
DEBUG:liquidctl.driver.usb:instanced driver for NZXT Kraken X (X53, X63 or X73)
INFO:root:FOUND KRAKEN
DEBUG:liquidctl.driver.usb:found HID device 048d:5702
DEBUG:liquidctl.driver.usb:found HID device 048d:5702
DEBUG:liquidctl.driver.usb:instanced driver for Gigabyte RGB Fusion 2.0 5702 Controller
DEBUG:liquidctl.driver.usb:discarded 0 previously enqueued reports
DEBUG:liquidctl.driver.usb:writting report 0x10 with 63 bytes: 01:00:00:00:00:00:00:00:00:00:00:00:00:00:00:00:00:00:00:00:00:00:00:00:00:00:00:00:00:00:00:00:00:00:00:00:00:00:00:00:00:00:00:00:00:00:00:00:00:00:00:00:00:00:00:00:00:00:00:00:00:00:00
DEBUG:liquidctl.driver.usb:writting report 0x20 with 63 bytes: 03:00:00:00:00:00:00:00:00:00:00:00:00:00:00:00:00:00:00:00:00:00:00:00:00:00:00:00:00:00:00:00:00:00:00:00:00:00:00:00:00:00:00:00:00:00:00:00:00:00:00:00:00:00:00:00:00:00:00:00:00:00:00
DEBUG:liquidctl.driver.usb:writting report 0x70 with 63 bytes: 02:01:b8:01:00:00:00:00:00:00:00:00:00:00:00:00:00:00:00:00:00:00:00:00:00:00:00:00:00:00:00:00:00:00:00:00:00:00:00:00:00:00:00:00:00:00:00:00:00:00:00:00:00:00:00:00:00:00:00:00:00:00:00
DEBUG:liquidctl.driver.usb:writting report 0x70 with 63 bytes: 01:00:00:00:00:00:00:00:00:00:00:00:00:00:00:00:00:00:00:00:00:00:00:00:00:00:00:00:00:00:00:00:00:00:00:00:00:00:00:00:00:00:00:00:00:00:00:00:00:00:00:00:00:00:00:00:00:00:00:00:00:00:00
DEBUG:liquidctl.driver.usb:read 64 bytes: 11:01:43:00:33:00:08:57:42:57:35:38:32:20:07:20:02:02:01:00:00:00:00:00:00:00:00:00:00:00:00:00:00:00:00:00:00:00:00:00:00:00:00:00:00:00:00:00:00:00:00:00:00:00:00:00:00:00:00:00:00:00:00:00
DEBUG:liquidctl.driver.usb:read 64 bytes: 71:01:43:00:33:00:08:57:42:57:35:38:32:20:01:00:01:01:00:00:02:00:00:00:00:00:00:00:00:00:00:00:00:00:00:00:00:00:00:00:00:00:00:00:00:00:00:00:00:00:00:00:00:00:00:00:00:00:00:00:00:00:00:00
DEBUG:liquidctl.driver.usb:read 64 bytes: 75:02:43:00:33:00:08:57:42:57:35:38:32:20:01:1b:01:56:05:28:28:00:00:00:00:00:00:00:00:00:00:00:00:00:00:00:00:00:00:00:00:00:00:00:00:00:00:00:00:00:00:00:00:00:00:00:00:00:00:00:00:00:00:00
DEBUG:liquidctl.driver.usb:read 64 bytes: 75:02:43:00:33:00:08:57:42:57:35:38:32:20:01:1b:01:5c:05:28:28:00:00:00:00:00:00:00:00:00:00:00:00:00:00:00:00:00:00:00:00:00:00:00:00:00:00:00:00:00:00:00:00:00:00:00:00:00:00:00:00:00:00:00
DEBUG:liquidctl.driver.usb:read 64 bytes: 21:03:43:00:33:00:08:57:42:57:35:38:32:20:03:00:00:00:00:00:00:10:00:00:00:00:00:11:00:00:00:00:00:00:00:00:00:00:00:00:00:00:00:00:00:00:00:00:00:00:00:00:00:00:00:00:00:00:00:00:00:00:00:00
DEBUG:root:Init status: [('Firmware version', '2.1.0', ''), ('Pump Logo LEDs', 'detected', ''), ('Pump Ring LEDs', 'detected', '')]
DEBUG:liquidctl.driver.usb:discarded 0 previously enqueued reports
DEBUG:liquidctl.driver.usb:read 64 bytes: 75:02:43:00:33:00:08:57:42:57:35:38:32:20:01:1b:01:5c:05:28:28:00:00:00:00:00:00:00:00:00:00:00:00:00:00:00:00:00:00:00:00:00:00:00:00:00:00:00:00:00:00:00:00:00:00:00:00:00:00:00:00:00:00:00
DEBUG:root:Status: [('Liquid temperature', 27.1, '°C'), ('Pump speed', 1372, 'rpm'), ('Pump duty', 40, '%')]
INFO:root:Speed for fan 0: 102
INFO:root:Speed for fan 1: 76
DEBUG:liquidctl.driver.usb:discarded 2 previously enqueued reports
DEBUG:liquidctl.driver.usb:read 64 bytes: 75:02:43:00:33:00:08:57:42:57:35:38:32:20:01:1b:01:50:05:28:28:00:00:00:00:00:00:00:00:00:00:00:00:00:00:00:00:00:00:00:00:00:00:00:00:00:00:00:00:00:00:00:00:00:00:00:00:00:00:00:00:00:00:00
DEBUG:root:Status: [('Liquid temperature', 27.1, '°C'), ('Pump speed', 1360, 'rpm'), ('Pump duty', 40, '%')]
INFO:root:Speed for fan 0: 102
INFO:root:Speed for fan 1: 76
DEBUG:liquidctl.driver.usb:discarded 2 previously enqueued reports
DEBUG:liquidctl.driver.usb:read 64 bytes: 75:02:43:00:33:00:08:57:42:57:35:38:32:20:01:1b:01:63:05:28:28:00:00:00:00:00:00:00:00:00:00:00:00:00:00:00:00:00:00:00:00:00:00:00:00:00:00:00:00:00:00:00:00:00:00:00:00:00:00:00:00:00:00:00
DEBUG:root:Status: [('Liquid temperature', 27.1, '°C'), ('Pump speed', 1379, 'rpm'), ('Pump duty', 40, '%')]
INFO:root:Speed for fan 0: 102
INFO:root:Speed for fan 1: 76
DEBUG:liquidctl.driver.usb:discarded 2 previously enqueued reports
DEBUG:liquidctl.driver.usb:read 64 bytes: 75:02:43:00:33:00:08:57:42:57:35:38:32:20:01:1b:01:56:05:28:28:00:00:00:00:00:00:00:00:00:00:00:00:00:00:00:00:00:00:00:00:00:00:00:00:00:00:00:00:00:00:00:00:00:00:00:00:00:00:00:00:00:00:00
DEBUG:root:Status: [('Liquid temperature', 27.1, '°C'), ('Pump speed', 1366, 'rpm'), ('Pump duty', 40, '%')]
INFO:root:Speed for fan 0: 102
INFO:root:Speed for fan 1: 76
DEBUG:liquidctl.driver.usb:discarded 2 previously enqueued reports
DEBUG:liquidctl.driver.usb:read 64 bytes: 75:02:43:00:33:00:08:57:42:57:35:38:32:20:01:1b:01:5c:05:28:28:00:00:00:00:00:00:00:00:00:00:00:00:00:00:00:00:00:00:00:00:00:00:00:00:00:00:00:00:00:00:00:00:00:00:00:00:00:00:00:00:00:00:00
DEBUG:root:Status: [('Liquid temperature', 27.1, '°C'), ('Pump speed', 1372, 'rpm'), ('Pump duty', 40, '%')]
INFO:root:Speed for fan 0: 102
INFO:root:Speed for fan 1: 76
DEBUG:liquidctl.driver.usb:discarded 2 previously enqueued reports
DEBUG:liquidctl.driver.usb:read 64 bytes: 75:02:43:00:33:00:08:57:42:57:35:38:32:20:01:1b:01:5c:05:28:28:00:00:00:00:00:00:00:00:00:00:00:00:00:00:00:00:00:00:00:00:00:00:00:00:00:00:00:00:00:00:00:00:00:00:00:00:00:00:00:00:00:00:00
DEBUG:root:Status: [('Liquid temperature', 27.1, '°C'), ('Pump speed', 1372, 'rpm'), ('Pump duty', 40, '%')]
INFO:root:Speed for fan 0: 102
INFO:root:Speed for fan 1: 76
DEBUG:liquidctl.driver.usb:discarded 2 previously enqueued reports
DEBUG:liquidctl.driver.usb:read 64 bytes: 75:02:43:00:33:00:08:57:42:57:35:38:32:20:01:1b:01:59:05:28:28:00:00:00:00:00:00:00:00:00:00:00:00:00:00:00:00:00:00:00:00:00:00:00:00:00:00:00:00:00:00:00:00:00:00:00:00:00:00:00:00:00:00:00
DEBUG:root:Status: [('Liquid temperature', 27.1, '°C'), ('Pump speed', 1369, 'rpm'), ('Pump duty', 40, '%')]
INFO:root:Speed for fan 0: 102
INFO:root:Speed for fan 1: 76
DEBUG:liquidctl.driver.usb:discarded 2 previously enqueued reports
DEBUG:liquidctl.driver.usb:read 64 bytes: 75:02:43:00:33:00:08:57:42:57:35:38:32:20:01:1b:01:63:05:28:28:00:00:00:00:00:00:00:00:00:00:00:00:00:00:00:00:00:00:00:00:00:00:00:00:00:00:00:00:00:00:00:00:00:00:00:00:00:00:00:00:00:00:00
DEBUG:root:Status: [('Liquid temperature', 27.1, '°C'), ('Pump speed', 1379, 'rpm'), ('Pump duty', 40, '%')]
INFO:root:Speed for fan 0: 102
INFO:root:Speed for fan 1: 76
DEBUG:liquidctl.driver.usb:discarded 2 previously enqueued reports
DEBUG:liquidctl.driver.usb:read 64 bytes: 75:02:43:00:33:00:08:57:42:57:35:38:32:20:01:1b:01:56:05:28:28:00:00:00:00:00:00:00:00:00:00:00:00:00:00:00:00:00:00:00:00:00:00:00:00:00:00:00:00:00:00:00:00:00:00:00:00:00:00:00:00:00:00:00
DEBUG:root:Status: [('Liquid temperature', 27.1, '°C'), ('Pump speed', 1366, 'rpm'), ('Pump duty', 40, '%')]
INFO:root:Speed for fan 0: 102
INFO:root:Speed for fan 1: 76
DEBUG:liquidctl.driver.usb:discarded 2 previously enqueued reports
DEBUG:liquidctl.driver.usb:read 64 bytes: 75:02:43:00:33:00:08:57:42:57:35:38:32:20:01:1b:01:63:05:28:28:00:00:00:00:00:00:00:00:00:00:00:00:00:00:00:00:00:00:00:00:00:00:00:00:00:00:00:00:00:00:00:00:00:00:00:00:00:00:00:00:00:00:00
DEBUG:root:Status: [('Liquid temperature', 27.1, '°C'), ('Pump speed', 1379, 'rpm'), ('Pump duty', 40, '%')]
INFO:root:Speed for fan 0: 102
INFO:root:Speed for fan 1: 76
DEBUG:liquidctl.driver.usb:discarded 2 previously enqueued reports
DEBUG:liquidctl.driver.usb:read 64 bytes: 75:02:43:00:33:00:08:57:42:57:35:38:32:20:01:1b:01:63:05:28:28:00:00:00:00:00:00:00:00:00:00:00:00:00:00:00:00:00:00:00:00:00:00:00:00:00:00:00:00:00:00:00:00:00:00:00:00:00:00:00:00:00:00:00
DEBUG:root:Status: [('Liquid temperature', 27.1, '°C'), ('Pump speed', 1379, 'rpm'), ('Pump duty', 40, '%')]
INFO:root:Speed for fan 0: 102
INFO:root:Speed for fan 1: 76
DEBUG:liquidctl.driver.usb:discarded 2 previously enqueued reports
DEBUG:liquidctl.driver.usb:read 64 bytes: 75:02:43:00:33:00:08:57:42:57:35:38:32:20:01:1b:01:5c:05:28:28:00:00:00:00:00:00:00:00:00:00:00:00:00:00:00:00:00:00:00:00:00:00:00:00:00:00:00:00:00:00:00:00:00:00:00:00:00:00:00:00:00:00:00
DEBUG:root:Status: [('Liquid temperature', 27.1, '°C'), ('Pump speed', 1372, 'rpm'), ('Pump duty', 40, '%')]
INFO:root:Speed for fan 0: 102
INFO:root:Speed for fan 1: 76
DEBUG:liquidctl.driver.usb:discarded 2 previously enqueued reports
DEBUG:liquidctl.driver.usb:read 64 bytes: 75:02:43:00:33:00:08:57:42:57:35:38:32:20:01:1b:02:69:05:28:28:00:00:00:00:00:00:00:00:00:00:00:00:00:00:00:00:00:00:00:00:00:00:00:00:00:00:00:00:00:00:00:00:00:00:00:00:00:00:00:00:00:00:00
DEBUG:root:Status: [('Liquid temperature', 27.2, '°C'), ('Pump speed', 1385, 'rpm'), ('Pump duty', 40, '%')]
INFO:root:Speed for fan 0: 102
INFO:root:Speed for fan 1: 76
DEBUG:liquidctl.driver.usb:discarded 2 previously enqueued reports
DEBUG:liquidctl.driver.usb:read 64 bytes: 75:02:43:00:33:00:08:57:42:57:35:38:32:20:01:1b:01:56:05:28:28:00:00:00:00:00:00:00:00:00:00:00:00:00:00:00:00:00:00:00:00:00:00:00:00:00:00:00:00:00:00:00:00:00:00:00:00:00:00:00:00:00:00:00
DEBUG:root:Status: [('Liquid temperature', 27.1, '°C'), ('Pump speed', 1366, 'rpm'), ('Pump duty', 40, '%')]
INFO:root:Speed for fan 0: 102
INFO:root:Speed for fan 1: 76
DEBUG:liquidctl.driver.usb:discarded 2 previously enqueued reports
DEBUG:liquidctl.driver.usb:read 64 bytes: 75:02:43:00:33:00:08:57:42:57:35:38:32:20:01:1b:02:63:05:28:28:00:00:00:00:00:00:00:00:00:00:00:00:00:00:00:00:00:00:00:00:00:00:00:00:00:00:00:00:00:00:00:00:00:00:00:00:00:00:00:00:00:00:00
DEBUG:root:Status: [('Liquid temperature', 27.2, '°C'), ('Pump speed', 1379, 'rpm'), ('Pump duty', 40, '%')]
INFO:root:Speed for fan 0: 102
INFO:root:Speed for fan 1: 76
DEBUG:liquidctl.driver.usb:discarded 2 previously enqueued reports
DEBUG:liquidctl.driver.usb:read 64 bytes: 75:02:43:00:33:00:08:57:42:57:35:38:32:20:01:1b:02:5c:05:28:28:00:00:00:00:00:00:00:00:00:00:00:00:00:00:00:00:00:00:00:00:00:00:00:00:00:00:00:00:00:00:00:00:00:00:00:00:00:00:00:00:00:00:00
DEBUG:root:Status: [('Liquid temperature', 27.2, '°C'), ('Pump speed', 1372, 'rpm'), ('Pump duty', 40, '%')]
INFO:root:Speed for fan 0: 102
INFO:root:Speed for fan 1: 76
DEBUG:liquidctl.driver.usb:discarded 2 previously enqueued reports
DEBUG:liquidctl.driver.usb:read 64 bytes: 75:02:43:00:33:00:08:57:42:57:35:38:32:20:01:1b:02:5c:05:28:28:00:00:00:00:00:00:00:00:00:00:00:00:00:00:00:00:00:00:00:00:00:00:00:00:00:00:00:00:00:00:00:00:00:00:00:00:00:00:00:00:00:00:00
DEBUG:root:Status: [('Liquid temperature', 27.2, '°C'), ('Pump speed', 1372, 'rpm'), ('Pump duty', 40, '%')]
INFO:root:Speed for fan 0: 102
INFO:root:Speed for fan 1: 76
DEBUG:liquidctl.driver.usb:discarded 2 previously enqueued reports
DEBUG:liquidctl.driver.usb:read 64 bytes: 75:02:43:00:33:00:08:57:42:57:35:38:32:20:01:1b:02:5c:05:28:28:00:00:00:00:00:00:00:00:00:00:00:00:00:00:00:00:00:00:00:00:00:00:00:00:00:00:00:00:00:00:00:00:00:00:00:00:00:00:00:00:00:00:00
DEBUG:root:Status: [('Liquid temperature', 27.2, '°C'), ('Pump speed', 1372, 'rpm'), ('Pump duty', 40, '%')]
INFO:root:Speed for fan 0: 102
INFO:root:Speed for fan 1: 76
DEBUG:liquidctl.driver.usb:discarded 2 previously enqueued reports
DEBUG:liquidctl.driver.usb:read 64 bytes: 75:02:43:00:33:00:08:57:42:57:35:38:32:20:01:1b:02:56:05:28:28:00:00:00:00:00:00:00:00:00:00:00:00:00:00:00:00:00:00:00:00:00:00:00:00:00:00:00:00:00:00:00:00:00:00:00:00:00:00:00:00:00:00:00
DEBUG:root:Status: [('Liquid temperature', 27.2, '°C'), ('Pump speed', 1366, 'rpm'), ('Pump duty', 40, '%')]
INFO:root:Speed for fan 0: 102
INFO:root:Speed for fan 1: 76
DEBUG:liquidctl.driver.usb:discarded 2 previously enqueued reports
DEBUG:liquidctl.driver.usb:read 64 bytes: 75:02:43:00:33:00:08:57:42:57:35:38:32:20:01:1b:02:63:05:28:28:00:00:00:00:00:00:00:00:00:00:00:00:00:00:00:00:00:00:00:00:00:00:00:00:00:00:00:00:00:00:00:00:00:00:00:00:00:00:00:00:00:00:00
DEBUG:root:Status: [('Liquid temperature', 27.2, '°C'), ('Pump speed', 1379, 'rpm'), ('Pump duty', 40, '%')]
INFO:root:Speed for fan 0: 102
INFO:root:Speed for fan 1: 76
DEBUG:liquidctl.driver.usb:discarded 2 previously enqueued reports
DEBUG:liquidctl.driver.usb:read 64 bytes: 75:02:43:00:33:00:08:57:42:57:35:38:32:20:01:1b:02:5c:05:28:28:00:00:00:00:00:00:00:00:00:00:00:00:00:00:00:00:00:00:00:00:00:00:00:00:00:00:00:00:00:00:00:00:00:00:00:00:00:00:00:00:00:00:00
DEBUG:root:Status: [('Liquid temperature', 27.2, '°C'), ('Pump speed', 1372, 'rpm'), ('Pump duty', 40, '%')]
INFO:root:Speed for fan 0: 102
INFO:root:Speed for fan 1: 76
DEBUG:liquidctl.driver.usb:discarded 2 previously enqueued reports
DEBUG:liquidctl.driver.usb:read 64 bytes: 75:02:43:00:33:00:08:57:42:57:35:38:32:20:01:1b:02:92:03:28:28:00:00:00:00:00:00:00:00:00:00:00:00:00:00:00:00:00:00:00:00:00:00:00:00:00:00:00:00:00:00:00:00:00:00:00:00:00:00:00:00:00:00:00
DEBUG:root:Status: [('Liquid temperature', 27.2, '°C'), ('Pump speed', 914, 'rpm'), ('Pump duty', 40, '%')]
INFO:root:Speed for fan 0: 102
INFO:root:Speed for fan 1: 76
DEBUG:liquidctl.driver.usb:discarded 2 previously enqueued reports
DEBUG:liquidctl.driver.usb:read 64 bytes: 75:02:43:00:33:00:08:57:42:57:35:38:32:20:01:1b:02:5c:05:28:28:00:00:00:00:00:00:00:00:00:00:00:00:00:00:00:00:00:00:00:00:00:00:00:00:00:00:00:00:00:00:00:00:00:00:00:00:00:00:00:00:00:00:00
DEBUG:root:Status: [('Liquid temperature', 27.2, '°C'), ('Pump speed', 1372, 'rpm'), ('Pump duty', 40, '%')]
INFO:root:Speed for fan 0: 102
INFO:root:Speed for fan 1: 76
DEBUG:liquidctl.driver.usb:discarded 2 previously enqueued reports
DEBUG:liquidctl.driver.usb:read 64 bytes: 75:02:43:00:33:00:08:57:42:57:35:38:32:20:01:1b:02:56:05:28:28:00:00:00:00:00:00:00:00:00:00:00:00:00:00:00:00:00:00:00:00:00:00:00:00:00:00:00:00:00:00:00:00:00:00:00:00:00:00:00:00:00:00:00
DEBUG:root:Status: [('Liquid temperature', 27.2, '°C'), ('Pump speed', 1366, 'rpm'), ('Pump duty', 40, '%')]
INFO:root:Speed for fan 0: 102
INFO:root:Speed for fan 1: 76
DEBUG:liquidctl.driver.usb:discarded 2 previously enqueued reports
DEBUG:liquidctl.driver.usb:read 64 bytes: 75:02:43:00:33:00:08:57:42:57:35:38:32:20:01:1b:02:63:05:28:28:00:00:00:00:00:00:00:00:00:00:00:00:00:00:00:00:00:00:00:00:00:00:00:00:00:00:00:00:00:00:00:00:00:00:00:00:00:00:00:00:00:00:00
DEBUG:root:Status: [('Liquid temperature', 27.2, '°C'), ('Pump speed', 1379, 'rpm'), ('Pump duty', 40, '%')]
INFO:root:Speed for fan 0: 102
INFO:root:Speed for fan 1: 76
DEBUG:liquidctl.driver.usb:discarded 2 previously enqueued reports
DEBUG:liquidctl.driver.usb:read 64 bytes: 75:02:43:00:33:00:08:57:42:57:35:38:32:20:01:1b:02:56:05:28:28:00:00:00:00:00:00:00:00:00:00:00:00:00:00:00:00:00:00:00:00:00:00:00:00:00:00:00:00:00:00:00:00:00:00:00:00:00:00:00:00:00:00:00
DEBUG:root:Status: [('Liquid temperature', 27.2, '°C'), ('Pump speed', 1366, 'rpm'), ('Pump duty', 40, '%')]
INFO:root:Speed for fan 0: 102
INFO:root:Speed for fan 1: 76
DEBUG:liquidctl.driver.usb:discarded 2 previously enqueued reports
DEBUG:liquidctl.driver.usb:read 64 bytes: 75:02:43:00:33:00:08:57:42:57:35:38:32:20:01:1b:02:63:05:28:28:00:00:00:00:00:00:00:00:00:00:00:00:00:00:00:00:00:00:00:00:00:00:00:00:00:00:00:00:00:00:00:00:00:00:00:00:00:00:00:00:00:00:00
DEBUG:root:Status: [('Liquid temperature', 27.2, '°C'), ('Pump speed', 1379, 'rpm'), ('Pump duty', 40, '%')]
INFO:root:Speed for fan 0: 102
INFO:root:Speed for fan 1: 76
DEBUG:liquidctl.driver.usb:discarded 2 previously enqueued reports
DEBUG:liquidctl.driver.usb:read 64 bytes: 75:02:43:00:33:00:08:57:42:57:35:38:32:20:01:1b:02:56:05:28:28:00:00:00:00:00:00:00:00:00:00:00:00:00:00:00:00:00:00:00:00:00:00:00:00:00:00:00:00:00:00:00:00:00:00:00:00:00:00:00:00:00:00:00
DEBUG:root:Status: [('Liquid temperature', 27.2, '°C'), ('Pump speed', 1366, 'rpm'), ('Pump duty', 40, '%')]
INFO:root:Speed for fan 0: 102
INFO:root:Speed for fan 1: 76
DEBUG:liquidctl.driver.usb:discarded 2 previously enqueued reports
DEBUG:liquidctl.driver.usb:read 64 bytes: 75:02:43:00:33:00:08:57:42:57:35:38:32:20:01:1b:02:56:05:28:28:00:00:00:00:00:00:00:00:00:00:00:00:00:00:00:00:00:00:00:00:00:00:00:00:00:00:00:00:00:00:00:00:00:00:00:00:00:00:00:00:00:00:00
DEBUG:root:Status: [('Liquid temperature', 27.2, '°C'), ('Pump speed', 1366, 'rpm'), ('Pump duty', 40, '%')]
INFO:root:Speed for fan 0: 102
INFO:root:Speed for fan 1: 76
DEBUG:liquidctl.driver.usb:discarded 2 previously enqueued reports
DEBUG:liquidctl.driver.usb:read 64 bytes: 75:02:43:00:33:00:08:57:42:57:35:38:32:20:01:1b:02:63:05:28:28:00:00:00:00:00:00:00:00:00:00:00:00:00:00:00:00:00:00:00:00:00:00:00:00:00:00:00:00:00:00:00:00:00:00:00:00:00:00:00:00:00:00:00
DEBUG:root:Status: [('Liquid temperature', 27.2, '°C'), ('Pump speed', 1379, 'rpm'), ('Pump duty', 40, '%')]
INFO:root:Speed for fan 0: 102
INFO:root:Speed for fan 1: 76
DEBUG:liquidctl.driver.usb:discarded 2 previously enqueued reports
DEBUG:liquidctl.driver.usb:read 64 bytes: 75:02:43:00:33:00:08:57:42:57:35:38:32:20:01:1b:02:50:05:28:28:00:00:00:00:00:00:00:00:00:00:00:00:00:00:00:00:00:00:00:00:00:00:00:00:00:00:00:00:00:00:00:00:00:00:00:00:00:00:00:00:00:00:00
DEBUG:root:Status: [('Liquid temperature', 27.2, '°C'), ('Pump speed', 1360, 'rpm'), ('Pump duty', 40, '%')]
INFO:root:Speed for fan 0: 102
INFO:root:Speed for fan 1: 76
DEBUG:liquidctl.driver.usb:discarded 2 previously enqueued reports
DEBUG:liquidctl.driver.usb:read 64 bytes: 75:02:43:00:33:00:08:57:42:57:35:38:32:20:01:1b:02:63:05:28:28:00:00:00:00:00:00:00:00:00:00:00:00:00:00:00:00:00:00:00:00:00:00:00:00:00:00:00:00:00:00:00:00:00:00:00:00:00:00:00:00:00:00:00
DEBUG:root:Status: [('Liquid temperature', 27.2, '°C'), ('Pump speed', 1379, 'rpm'), ('Pump duty', 40, '%')]
INFO:root:Speed for fan 0: 102
INFO:root:Speed for fan 1: 76
DEBUG:liquidctl.driver.usb:discarded 2 previously enqueued reports
DEBUG:liquidctl.driver.usb:read 64 bytes: 75:02:43:00:33:00:08:57:42:57:35:38:32:20:01:1b:03:5c:05:28:28:00:00:00:00:00:00:00:00:00:00:00:00:00:00:00:00:00:00:00:00:00:00:00:00:00:00:00:00:00:00:00:00:00:00:00:00:00:00:00:00:00:00:00
DEBUG:root:Status: [('Liquid temperature', 27.3, '°C'), ('Pump speed', 1372, 'rpm'), ('Pump duty', 40, '%')]
INFO:root:Speed for fan 0: 102
INFO:root:Speed for fan 1: 76
DEBUG:liquidctl.driver.usb:discarded 2 previously enqueued reports
DEBUG:liquidctl.driver.usb:read 64 bytes: 75:02:43:00:33:00:08:57:42:57:35:38:32:20:01:1b:03:5c:05:28:28:00:00:00:00:00:00:00:00:00:00:00:00:00:00:00:00:00:00:00:00:00:00:00:00:00:00:00:00:00:00:00:00:00:00:00:00:00:00:00:00:00:00:00
DEBUG:root:Status: [('Liquid temperature', 27.3, '°C'), ('Pump speed', 1372, 'rpm'), ('Pump duty', 40, '%')]
INFO:root:Speed for fan 0: 102
INFO:root:Speed for fan 1: 76
DEBUG:liquidctl.driver.usb:discarded 2 previously enqueued reports
DEBUG:liquidctl.driver.usb:read 64 bytes: 75:02:43:00:33:00:08:57:42:57:35:38:32:20:01:1b:03:69:05:28:28:00:00:00:00:00:00:00:00:00:00:00:00:00:00:00:00:00:00:00:00:00:00:00:00:00:00:00:00:00:00:00:00:00:00:00:00:00:00:00:00:00:00:00
DEBUG:root:Status: [('Liquid temperature', 27.3, '°C'), ('Pump speed', 1385, 'rpm'), ('Pump duty', 40, '%')]
INFO:root:Speed for fan 0: 102
INFO:root:Speed for fan 1: 76
DEBUG:liquidctl.driver.usb:discarded 2 previously enqueued reports
DEBUG:liquidctl.driver.usb:read 64 bytes: 75:02:43:00:33:00:08:57:42:57:35:38:32:20:01:1b:03:56:05:28:28:00:00:00:00:00:00:00:00:00:00:00:00:00:00:00:00:00:00:00:00:00:00:00:00:00:00:00:00:00:00:00:00:00:00:00:00:00:00:00:00:00:00:00
DEBUG:root:Status: [('Liquid temperature', 27.3, '°C'), ('Pump speed', 1366, 'rpm'), ('Pump duty', 40, '%')]
INFO:root:Speed for fan 0: 102
INFO:root:Speed for fan 1: 76
DEBUG:liquidctl.driver.usb:discarded 2 previously enqueued reports
DEBUG:liquidctl.driver.usb:read 64 bytes: 75:02:43:00:33:00:08:57:42:57:35:38:32:20:01:1b:03:63:05:28:28:00:00:00:00:00:00:00:00:00:00:00:00:00:00:00:00:00:00:00:00:00:00:00:00:00:00:00:00:00:00:00:00:00:00:00:00:00:00:00:00:00:00:00
DEBUG:root:Status: [('Liquid temperature', 27.3, '°C'), ('Pump speed', 1379, 'rpm'), ('Pump duty', 40, '%')]
INFO:root:Speed for fan 0: 102
INFO:root:Speed for fan 1: 76
DEBUG:liquidctl.driver.usb:discarded 2 previously enqueued reports
DEBUG:liquidctl.driver.usb:read 64 bytes: 75:02:43:00:33:00:08:57:42:57:35:38:32:20:01:1b:03:63:05:28:28:00:00:00:00:00:00:00:00:00:00:00:00:00:00:00:00:00:00:00:00:00:00:00:00:00:00:00:00:00:00:00:00:00:00:00:00:00:00:00:00:00:00:00
DEBUG:root:Status: [('Liquid temperature', 27.3, '°C'), ('Pump speed', 1379, 'rpm'), ('Pump duty', 40, '%')]
INFO:root:Speed for fan 0: 102
INFO:root:Speed for fan 1: 76
DEBUG:liquidctl.driver.usb:discarded 2 previously enqueued reports
DEBUG:liquidctl.driver.usb:read 64 bytes: 75:02:43:00:33:00:08:57:42:57:35:38:32:20:01:1b:03:56:05:28:28:00:00:00:00:00:00:00:00:00:00:00:00:00:00:00:00:00:00:00:00:00:00:00:00:00:00:00:00:00:00:00:00:00:00:00:00:00:00:00:00:00:00:00
DEBUG:root:Status: [('Liquid temperature', 27.3, '°C'), ('Pump speed', 1366, 'rpm'), ('Pump duty', 40, '%')]
INFO:root:Speed for fan 0: 102
INFO:root:Speed for fan 1: 76
DEBUG:liquidctl.driver.usb:discarded 2 previously enqueued reports
DEBUG:liquidctl.driver.usb:read 64 bytes: 75:02:43:00:33:00:08:57:42:57:35:38:32:20:01:1b:03:56:05:28:28:00:00:00:00:00:00:00:00:00:00:00:00:00:00:00:00:00:00:00:00:00:00:00:00:00:00:00:00:00:00:00:00:00:00:00:00:00:00:00:00:00:00:00
DEBUG:root:Status: [('Liquid temperature', 27.3, '°C'), ('Pump speed', 1366, 'rpm'), ('Pump duty', 40, '%')]
INFO:root:Speed for fan 0: 102
INFO:root:Speed for fan 1: 76
DEBUG:liquidctl.driver.usb:discarded 2 previously enqueued reports
DEBUG:liquidctl.driver.usb:read 64 bytes: 75:02:43:00:33:00:08:57:42:57:35:38:32:20:01:1b:03:56:05:28:28:00:00:00:00:00:00:00:00:00:00:00:00:00:00:00:00:00:00:00:00:00:00:00:00:00:00:00:00:00:00:00:00:00:00:00:00:00:00:00:00:00:00:00
DEBUG:root:Status: [('Liquid temperature', 27.3, '°C'), ('Pump speed', 1366, 'rpm'), ('Pump duty', 40, '%')]
INFO:root:Speed for fan 0: 102
INFO:root:Speed for fan 1: 76
DEBUG:liquidctl.driver.usb:discarded 2 previously enqueued reports
DEBUG:liquidctl.driver.usb:read 64 bytes: 75:02:43:00:33:00:08:57:42:57:35:38:32:20:01:1b:03:63:05:28:28:00:00:00:00:00:00:00:00:00:00:00:00:00:00:00:00:00:00:00:00:00:00:00:00:00:00:00:00:00:00:00:00:00:00:00:00:00:00:00:00:00:00:00
DEBUG:root:Status: [('Liquid temperature', 27.3, '°C'), ('Pump speed', 1379, 'rpm'), ('Pump duty', 40, '%')]
INFO:root:Speed for fan 0: 102
INFO:root:Speed for fan 1: 76
DEBUG:liquidctl.driver.usb:discarded 2 previously enqueued reports
DEBUG:liquidctl.driver.usb:read 64 bytes: 75:02:43:00:33:00:08:57:42:57:35:38:32:20:01:1b:03:56:05:28:28:00:00:00:00:00:00:00:00:00:00:00:00:00:00:00:00:00:00:00:00:00:00:00:00:00:00:00:00:00:00:00:00:00:00:00:00:00:00:00:00:00:00:00
DEBUG:root:Status: [('Liquid temperature', 27.3, '°C'), ('Pump speed', 1366, 'rpm'), ('Pump duty', 40, '%')]
INFO:root:Speed for fan 0: 102
INFO:root:Speed for fan 1: 76
DEBUG:liquidctl.driver.usb:discarded 2 previously enqueued reports
DEBUG:liquidctl.driver.usb:read 64 bytes: 75:02:43:00:33:00:08:57:42:57:35:38:32:20:01:1b:03:69:05:28:28:00:00:00:00:00:00:00:00:00:00:00:00:00:00:00:00:00:00:00:00:00:00:00:00:00:00:00:00:00:00:00:00:00:00:00:00:00:00:00:00:00:00:00
DEBUG:root:Status: [('Liquid temperature', 27.3, '°C'), ('Pump speed', 1385, 'rpm'), ('Pump duty', 40, '%')]
INFO:root:Speed for fan 0: 102
INFO:root:Speed for fan 1: 76
DEBUG:liquidctl.driver.usb:discarded 2 previously enqueued reports
DEBUG:liquidctl.driver.usb:read 64 bytes: 75:02:43:00:33:00:08:57:42:57:35:38:32:20:01:1b:04:56:05:28:28:00:00:00:00:00:00:00:00:00:00:00:00:00:00:00:00:00:00:00:00:00:00:00:00:00:00:00:00:00:00:00:00:00:00:00:00:00:00:00:00:00:00:00
DEBUG:root:Status: [('Liquid temperature', 27.4, '°C'), ('Pump speed', 1366, 'rpm'), ('Pump duty', 40, '%')]
INFO:root:Speed for fan 0: 102
INFO:root:Speed for fan 1: 76
DEBUG:liquidctl.driver.usb:discarded 2 previously enqueued reports
DEBUG:liquidctl.driver.usb:read 64 bytes: 75:02:43:00:33:00:08:57:42:57:35:38:32:20:01:1b:04:5c:05:28:28:00:00:00:00:00:00:00:00:00:00:00:00:00:00:00:00:00:00:00:00:00:00:00:00:00:00:00:00:00:00:00:00:00:00:00:00:00:00:00:00:00:00:00
DEBUG:root:Status: [('Liquid temperature', 27.4, '°C'), ('Pump speed', 1372, 'rpm'), ('Pump duty', 40, '%')]
INFO:root:Speed for fan 0: 102
INFO:root:Speed for fan 1: 76
DEBUG:liquidctl.driver.usb:discarded 2 previously enqueued reports
DEBUG:liquidctl.driver.usb:read 64 bytes: 75:02:43:00:33:00:08:57:42:57:35:38:32:20:01:1b:04:63:05:28:28:00:00:00:00:00:00:00:00:00:00:00:00:00:00:00:00:00:00:00:00:00:00:00:00:00:00:00:00:00:00:00:00:00:00:00:00:00:00:00:00:00:00:00
DEBUG:root:Status: [('Liquid temperature', 27.4, '°C'), ('Pump speed', 1379, 'rpm'), ('Pump duty', 40, '%')]
INFO:root:Speed for fan 0: 102
INFO:root:Speed for fan 1: 76
DEBUG:liquidctl.driver.usb:discarded 2 previously enqueued reports
DEBUG:liquidctl.driver.usb:read 64 bytes: 75:02:43:00:33:00:08:57:42:57:35:38:32:20:01:1b:04:56:05:28:28:00:00:00:00:00:00:00:00:00:00:00:00:00:00:00:00:00:00:00:00:00:00:00:00:00:00:00:00:00:00:00:00:00:00:00:00:00:00:00:00:00:00:00
DEBUG:root:Status: [('Liquid temperature', 27.4, '°C'), ('Pump speed', 1366, 'rpm'), ('Pump duty', 40, '%')]
INFO:root:Speed for fan 0: 102
INFO:root:Speed for fan 1: 76
DEBUG:liquidctl.driver.usb:discarded 2 previously enqueued reports
DEBUG:liquidctl.driver.usb:read 64 bytes: 75:02:43:00:33:00:08:57:42:57:35:38:32:20:01:1b:04:63:05:28:28:00:00:00:00:00:00:00:00:00:00:00:00:00:00:00:00:00:00:00:00:00:00:00:00:00:00:00:00:00:00:00:00:00:00:00:00:00:00:00:00:00:00:00
DEBUG:root:Status: [('Liquid temperature', 27.4, '°C'), ('Pump speed', 1379, 'rpm'), ('Pump duty', 40, '%')]
INFO:root:Speed for fan 0: 102
INFO:root:Speed for fan 1: 76
DEBUG:liquidctl.driver.usb:discarded 2 previously enqueued reports
DEBUG:liquidctl.driver.usb:read 64 bytes: 75:02:43:00:33:00:08:57:42:57:35:38:32:20:01:1b:04:5c:05:28:28:00:00:00:00:00:00:00:00:00:00:00:00:00:00:00:00:00:00:00:00:00:00:00:00:00:00:00:00:00:00:00:00:00:00:00:00:00:00:00:00:00:00:00
DEBUG:root:Status: [('Liquid temperature', 27.4, '°C'), ('Pump speed', 1372, 'rpm'), ('Pump duty', 40, '%')]
INFO:root:Speed for fan 0: 102
INFO:root:Speed for fan 1: 76
DEBUG:liquidctl.driver.usb:discarded 2 previously enqueued reports
DEBUG:liquidctl.driver.usb:read 64 bytes: 75:02:43:00:33:00:08:57:42:57:35:38:32:20:01:1b:04:56:05:28:28:00:00:00:00:00:00:00:00:00:00:00:00:00:00:00:00:00:00:00:00:00:00:00:00:00:00:00:00:00:00:00:00:00:00:00:00:00:00:00:00:00:00:00
DEBUG:root:Status: [('Liquid temperature', 27.4, '°C'), ('Pump speed', 1366, 'rpm'), ('Pump duty', 40, '%')]
INFO:root:Speed for fan 0: 102
INFO:root:Speed for fan 1: 76
DEBUG:liquidctl.driver.usb:discarded 2 previously enqueued reports
DEBUG:liquidctl.driver.usb:read 64 bytes: 75:02:43:00:33:00:08:57:42:57:35:38:32:20:01:1b:04:63:05:28:28:00:00:00:00:00:00:00:00:00:00:00:00:00:00:00:00:00:00:00:00:00:00:00:00:00:00:00:00:00:00:00:00:00:00:00:00:00:00:00:00:00:00:00
DEBUG:root:Status: [('Liquid temperature', 27.4, '°C'), ('Pump speed', 1379, 'rpm'), ('Pump duty', 40, '%')]
INFO:root:Speed for fan 0: 102
INFO:root:Speed for fan 1: 76
